<?xml version="1.0" encoding="UTF-8"?>
<testsuite xmlns:xsi="http://www.w3.org/2001/XMLSchema-instance" xsi:noNamespaceSchemaLocation="https://maven.apache.org/surefire/maven-surefire-plugin/xsd/surefire-test-report-3.0.xsd" version="3.0" name="com.camel.odoo.AppTest" time="0.032" tests="1" errors="0" skipped="0" failures="0">
  <properties>
    <property name="java.specification.version" value="23"/>
    <property name="sun.jnu.encoding" value="UTF-8"/>
    <property name="java.class.path" value="/Users/tanishqsharma/Desktop/GC/project/camel-odoo-integration/target/test-classes:/Users/tanishqsharma/Desktop/GC/project/camel-odoo-integration/target/classes:/Users/tanishqsharma/.m2/repository/org/apache/camel/camel-core/4.4.0/camel-core-4.4.0.jar:/Users/tanishqsharma/.m2/repository/org/apache/camel/camel-core-engine/4.4.0/camel-core-engine-4.4.0.jar:/Users/tanishqsharma/.m2/repository/org/apache/camel/camel-core-reifier/4.4.0/camel-core-reifier-4.4.0.jar:/Users/tanishqsharma/.m2/repository/org/apache/camel/camel-core-processor/4.4.0/camel-core-processor-4.4.0.jar:/Users/tanishqsharma/.m2/repository/org/apache/camel/camel-core-languages/4.4.0/camel-core-languages-4.4.0.jar:/Users/tanishqsharma/.m2/repository/org/apache/camel/camel-core-model/4.4.0/camel-core-model-4.4.0.jar:/Users/tanishqsharma/.m2/repository/org/apache/camel/camel-bean/4.4.0/camel-bean-4.4.0.jar:/Users/tanishqsharma/.m2/repository/org/apache/camel/camel-browse/4.4.0/camel-browse-4.4.0.jar:/Users/tanishqsharma/.m2/repository/org/apache/camel/camel-cluster/4.4.0/camel-cluster-4.4.0.jar:/Users/tanishqsharma/.m2/repository/org/apache/camel/camel-controlbus/4.4.0/camel-controlbus-4.4.0.jar:/Users/tanishqsharma/.m2/repository/org/apache/camel/camel-dataformat/4.4.0/camel-dataformat-4.4.0.jar:/Users/tanishqsharma/.m2/repository/org/apache/camel/camel-dataset/4.4.0/camel-dataset-4.4.0.jar:/Users/tanishqsharma/.m2/repository/org/apache/camel/camel-direct/4.4.0/camel-direct-4.4.0.jar:/Users/tanishqsharma/.m2/repository/org/apache/camel/camel-file/4.4.0/camel-file-4.4.0.jar:/Users/tanishqsharma/.m2/repository/commons-codec/commons-codec/1.16.0/commons-codec-1.16.0.jar:/Users/tanishqsharma/.m2/repository/org/apache/camel/camel-health/4.4.0/camel-health-4.4.0.jar:/Users/tanishqsharma/.m2/repository/org/apache/camel/camel-language/4.4.0/camel-language-4.4.0.jar:/Users/tanishqsharma/.m2/repository/org/apache/camel/camel-log/4.4.0/camel-log-4.4.0.jar:/Users/tanishqsharma/.m2/repository/org/apache/camel/camel-mock/4.4.0/camel-mock-4.4.0.jar:/Users/tanishqsharma/.m2/repository/org/apache/camel/camel-ref/4.4.0/camel-ref-4.4.0.jar:/Users/tanishqsharma/.m2/repository/org/apache/camel/camel-rest/4.4.0/camel-rest-4.4.0.jar:/Users/tanishqsharma/.m2/repository/org/apache/camel/camel-tooling-model/4.4.0/camel-tooling-model-4.4.0.jar:/Users/tanishqsharma/.m2/repository/org/apache/camel/camel-saga/4.4.0/camel-saga-4.4.0.jar:/Users/tanishqsharma/.m2/repository/org/apache/camel/camel-scheduler/4.4.0/camel-scheduler-4.4.0.jar:/Users/tanishqsharma/.m2/repository/org/apache/camel/camel-seda/4.4.0/camel-seda-4.4.0.jar:/Users/tanishqsharma/.m2/repository/org/apache/camel/camel-stub/4.4.0/camel-stub-4.4.0.jar:/Users/tanishqsharma/.m2/repository/org/apache/camel/camel-timer/4.4.0/camel-timer-4.4.0.jar:/Users/tanishqsharma/.m2/repository/org/apache/camel/camel-validator/4.4.0/camel-validator-4.4.0.jar:/Users/tanishqsharma/.m2/repository/org/apache/camel/camel-xpath/4.4.0/camel-xpath-4.4.0.jar:/Users/tanishqsharma/.m2/repository/org/apache/camel/camel-xslt/4.4.0/camel-xslt-4.4.0.jar:/Users/tanishqsharma/.m2/repository/org/apache/camel/camel-xml-io/4.4.0/camel-xml-io-4.4.0.jar:/Users/tanishqsharma/.m2/repository/org/apache/camel/camel-xml-io-util/4.4.0/camel-xml-io-util-4.4.0.jar:/Users/tanishqsharma/.m2/repository/org/apache/camel/camel-xml-jaxb/4.4.0/camel-xml-jaxb-4.4.0.jar:/Users/tanishqsharma/.m2/repository/jakarta/xml/bind/jakarta.xml.bind-api/4.0.1/jakarta.xml.bind-api-4.0.1.jar:/Users/tanishqsharma/.m2/repository/jakarta/activation/jakarta.activation-api/2.1.2/jakarta.activation-api-2.1.2.jar:/Users/tanishqsharma/.m2/repository/com/sun/xml/bind/jaxb-core/4.0.4/jaxb-core-4.0.4.jar:/Users/tanishqsharma/.m2/repository/org/eclipse/angus/angus-activation/2.0.1/angus-activation-2.0.1.jar:/Users/tanishqsharma/.m2/repository/com/sun/xml/bind/jaxb-impl/4.0.4/jaxb-impl-4.0.4.jar:/Users/tanishqsharma/.m2/repository/org/apache/camel/camel-xml-jaxp/4.4.0/camel-xml-jaxp-4.4.0.jar:/Users/tanishqsharma/.m2/repository/org/apache/camel/camel-yaml-io/4.4.0/camel-yaml-io-4.4.0.jar:/Users/tanishqsharma/.m2/repository/org/apache/camel/camel-core-catalog/4.4.0/camel-core-catalog-4.4.0.jar:/Users/tanishqsharma/.m2/repository/com/fasterxml/jackson/dataformat/jackson-dataformat-yaml/2.16.1/jackson-dataformat-yaml-2.16.1.jar:/Users/tanishqsharma/.m2/repository/org/yaml/snakeyaml/2.2/snakeyaml-2.2.jar:/Users/tanishqsharma/.m2/repository/org/slf4j/slf4j-api/2.0.12/slf4j-api-2.0.12.jar:/Users/tanishqsharma/.m2/repository/junit/junit/4.13.2/junit-4.13.2.jar:/Users/tanishqsharma/.m2/repository/org/hamcrest/hamcrest-core/1.3/hamcrest-core-1.3.jar:/Users/tanishqsharma/.m2/repository/com/squareup/okhttp3/okhttp/4.10.0/okhttp-4.10.0.jar:/Users/tanishqsharma/.m2/repository/com/squareup/okio/okio-jvm/3.0.0/okio-jvm-3.0.0.jar:/Users/tanishqsharma/.m2/repository/org/jetbrains/kotlin/kotlin-stdlib-jdk8/1.5.31/kotlin-stdlib-jdk8-1.5.31.jar:/Users/tanishqsharma/.m2/repository/org/jetbrains/kotlin/kotlin-stdlib-jdk7/1.5.31/kotlin-stdlib-jdk7-1.5.31.jar:/Users/tanishqsharma/.m2/repository/org/jetbrains/kotlin/kotlin-stdlib-common/1.5.31/kotlin-stdlib-common-1.5.31.jar:/Users/tanishqsharma/.m2/repository/org/jetbrains/kotlin/kotlin-stdlib/1.6.20/kotlin-stdlib-1.6.20.jar:/Users/tanishqsharma/.m2/repository/org/jetbrains/annotations/13.0/annotations-13.0.jar:/Users/tanishqsharma/.m2/repository/org/apache/camel/camel-support/4.4.0/camel-support-4.4.0.jar:/Users/tanishqsharma/.m2/repository/org/apache/camel/camel-api/4.4.0/camel-api-4.4.0.jar:/Users/tanishqsharma/.m2/repository/org/apache/camel/camel-management-api/4.4.0/camel-management-api-4.4.0.jar:/Users/tanishqsharma/.m2/repository/org/apache/camel/camel-util/4.4.0/camel-util-4.4.0.jar:/Users/tanishqsharma/.m2/repository/org/apache/camel/camel-util-json/4.4.0/camel-util-json-4.4.0.jar:/Users/tanishqsharma/.m2/repository/org/apache/camel/camel-xml-jaxp-util/4.4.0/camel-xml-jaxp-util-4.4.0.jar:/Users/tanishqsharma/.m2/repository/org/apache/camel/camel-netty-http/4.4.0/camel-netty-http-4.4.0.jar:/Users/tanishqsharma/.m2/repository/org/apache/camel/camel-netty/4.4.0/camel-netty-4.4.0.jar:/Users/tanishqsharma/.m2/repository/io/netty/netty-transport-native-kqueue/4.1.106.Final/netty-transport-native-kqueue-4.1.106.Final.jar:/Users/tanishqsharma/.m2/repository/io/netty/netty-transport-classes-kqueue/4.1.106.Final/netty-transport-classes-kqueue-4.1.106.Final.jar:/Users/tanishqsharma/.m2/repository/org/apache/commons/commons-pool2/2.12.0/commons-pool2-2.12.0.jar:/Users/tanishqsharma/.m2/repository/io/netty/netty-buffer/4.1.106.Final/netty-buffer-4.1.106.Final.jar:/Users/tanishqsharma/.m2/repository/io/netty/netty-codec/4.1.106.Final/netty-codec-4.1.106.Final.jar:/Users/tanishqsharma/.m2/repository/io/netty/netty-common/4.1.106.Final/netty-common-4.1.106.Final.jar:/Users/tanishqsharma/.m2/repository/io/netty/netty-handler/4.1.106.Final/netty-handler-4.1.106.Final.jar:/Users/tanishqsharma/.m2/repository/io/netty/netty-resolver/4.1.106.Final/netty-resolver-4.1.106.Final.jar:/Users/tanishqsharma/.m2/repository/io/netty/netty-transport/4.1.106.Final/netty-transport-4.1.106.Final.jar:/Users/tanishqsharma/.m2/repository/io/netty/netty-transport-native-epoll/4.1.106.Final/netty-transport-native-epoll-4.1.106.Final.jar:/Users/tanishqsharma/.m2/repository/io/netty/netty-transport-classes-epoll/4.1.106.Final/netty-transport-classes-epoll-4.1.106.Final.jar:/Users/tanishqsharma/.m2/repository/io/netty/netty-transport-native-unix-common/4.1.106.Final/netty-transport-native-unix-common-4.1.106.Final.jar:/Users/tanishqsharma/.m2/repository/io/netty/netty-codec-http/4.1.106.Final/netty-codec-http-4.1.106.Final.jar:/Users/tanishqsharma/.m2/repository/org/apache/camel/camel-http-base/4.4.0/camel-http-base-4.4.0.jar:/Users/tanishqsharma/.m2/repository/org/apache/camel/camel-cloud/4.4.0/camel-cloud-4.4.0.jar:/Users/tanishqsharma/.m2/repository/org/apache/camel/camel-base-engine/4.4.0/camel-base-engine-4.4.0.jar:/Users/tanishqsharma/.m2/repository/org/apache/camel/camel-base/4.4.0/camel-base-4.4.0.jar:/Users/tanishqsharma/.m2/repository/ch/qos/logback/logback-classic/1.4.14/logback-classic-1.4.14.jar:/Users/tanishqsharma/.m2/repository/ch/qos/logback/logback-core/1.4.14/logback-core-1.4.14.jar:/Users/tanishqsharma/.m2/repository/org/apache/camel/camel-main/4.4.0/camel-main-4.4.0.jar:/Users/tanishqsharma/.m2/repository/com/fasterxml/jackson/core/jackson-databind/2.15.0/jackson-databind-2.15.0.jar:/Users/tanishqsharma/.m2/repository/com/fasterxml/jackson/core/jackson-annotations/2.15.0/jackson-annotations-2.15.0.jar:/Users/tanishqsharma/.m2/repository/com/fasterxml/jackson/core/jackson-core/2.15.0/jackson-core-2.15.0.jar:/Users/tanishqsharma/.m2/repository/org/apache/camel/camel-jackson/4.4.0/camel-jackson-4.4.0.jar:/Users/tanishqsharma/.m2/repository/org/apache/httpcomponents/client5/httpclient5/5.2.3/httpclient5-5.2.3.jar:/Users/tanishqsharma/.m2/repository/org/apache/httpcomponents/core5/httpcore5-h2/5.2.4/httpcore5-h2-5.2.4.jar:/Users/tanishqsharma/.m2/repository/org/apache/httpcomponents/core5/httpcore5/5.2.3/httpcore5-5.2.3.jar:"/>
    <property name="java.vm.vendor" value="Homebrew"/>
    <property name="sun.arch.data.model" value="64"/>
    <property name="java.vendor.url" value="https://github.com/Homebrew/homebrew-core/issues"/>
    <property name="os.name" value="Mac OS X"/>
    <property name="java.vm.specification.version" value="23"/>
    <property name="sun.java.launcher" value="SUN_STANDARD"/>
    <property name="user.country" value="IN"/>
    <property name="sun.boot.library.path" value="/opt/homebrew/Cellar/openjdk/23.0.2/libexec/openjdk.jdk/Contents/Home/lib"/>
    <property name="sun.java.command" value="/Users/tanishqsharma/Desktop/GC/project/camel-odoo-integration/target/surefire/surefirebooter-20250418234513766_3.jar /Users/tanishqsharma/Desktop/GC/project/camel-odoo-integration/target/surefire 2025-04-18T23-45-13_710-jvmRun1 surefire-20250418234513766_1tmp surefire_0-20250418234513766_2tmp"/>
    <property name="http.nonProxyHosts" value="local|*.local|169.254/16|*.169.254/16"/>
    <property name="jdk.debug" value="release"/>
    <property name="surefire.test.class.path" value="/Users/tanishqsharma/Desktop/GC/project/camel-odoo-integration/target/test-classes:/Users/tanishqsharma/Desktop/GC/project/camel-odoo-integration/target/classes:/Users/tanishqsharma/.m2/repository/org/apache/camel/camel-core/4.4.0/camel-core-4.4.0.jar:/Users/tanishqsharma/.m2/repository/org/apache/camel/camel-core-engine/4.4.0/camel-core-engine-4.4.0.jar:/Users/tanishqsharma/.m2/repository/org/apache/camel/camel-core-reifier/4.4.0/camel-core-reifier-4.4.0.jar:/Users/tanishqsharma/.m2/repository/org/apache/camel/camel-core-processor/4.4.0/camel-core-processor-4.4.0.jar:/Users/tanishqsharma/.m2/repository/org/apache/camel/camel-core-languages/4.4.0/camel-core-languages-4.4.0.jar:/Users/tanishqsharma/.m2/repository/org/apache/camel/camel-core-model/4.4.0/camel-core-model-4.4.0.jar:/Users/tanishqsharma/.m2/repository/org/apache/camel/camel-bean/4.4.0/camel-bean-4.4.0.jar:/Users/tanishqsharma/.m2/repository/org/apache/camel/camel-browse/4.4.0/camel-browse-4.4.0.jar:/Users/tanishqsharma/.m2/repository/org/apache/camel/camel-cluster/4.4.0/camel-cluster-4.4.0.jar:/Users/tanishqsharma/.m2/repository/org/apache/camel/camel-controlbus/4.4.0/camel-controlbus-4.4.0.jar:/Users/tanishqsharma/.m2/repository/org/apache/camel/camel-dataformat/4.4.0/camel-dataformat-4.4.0.jar:/Users/tanishqsharma/.m2/repository/org/apache/camel/camel-dataset/4.4.0/camel-dataset-4.4.0.jar:/Users/tanishqsharma/.m2/repository/org/apache/camel/camel-direct/4.4.0/camel-direct-4.4.0.jar:/Users/tanishqsharma/.m2/repository/org/apache/camel/camel-file/4.4.0/camel-file-4.4.0.jar:/Users/tanishqsharma/.m2/repository/commons-codec/commons-codec/1.16.0/commons-codec-1.16.0.jar:/Users/tanishqsharma/.m2/repository/org/apache/camel/camel-health/4.4.0/camel-health-4.4.0.jar:/Users/tanishqsharma/.m2/repository/org/apache/camel/camel-language/4.4.0/camel-language-4.4.0.jar:/Users/tanishqsharma/.m2/repository/org/apache/camel/camel-log/4.4.0/camel-log-4.4.0.jar:/Users/tanishqsharma/.m2/repository/org/apache/camel/camel-mock/4.4.0/camel-mock-4.4.0.jar:/Users/tanishqsharma/.m2/repository/org/apache/camel/camel-ref/4.4.0/camel-ref-4.4.0.jar:/Users/tanishqsharma/.m2/repository/org/apache/camel/camel-rest/4.4.0/camel-rest-4.4.0.jar:/Users/tanishqsharma/.m2/repository/org/apache/camel/camel-tooling-model/4.4.0/camel-tooling-model-4.4.0.jar:/Users/tanishqsharma/.m2/repository/org/apache/camel/camel-saga/4.4.0/camel-saga-4.4.0.jar:/Users/tanishqsharma/.m2/repository/org/apache/camel/camel-scheduler/4.4.0/camel-scheduler-4.4.0.jar:/Users/tanishqsharma/.m2/repository/org/apache/camel/camel-seda/4.4.0/camel-seda-4.4.0.jar:/Users/tanishqsharma/.m2/repository/org/apache/camel/camel-stub/4.4.0/camel-stub-4.4.0.jar:/Users/tanishqsharma/.m2/repository/org/apache/camel/camel-timer/4.4.0/camel-timer-4.4.0.jar:/Users/tanishqsharma/.m2/repository/org/apache/camel/camel-validator/4.4.0/camel-validator-4.4.0.jar:/Users/tanishqsharma/.m2/repository/org/apache/camel/camel-xpath/4.4.0/camel-xpath-4.4.0.jar:/Users/tanishqsharma/.m2/repository/org/apache/camel/camel-xslt/4.4.0/camel-xslt-4.4.0.jar:/Users/tanishqsharma/.m2/repository/org/apache/camel/camel-xml-io/4.4.0/camel-xml-io-4.4.0.jar:/Users/tanishqsharma/.m2/repository/org/apache/camel/camel-xml-io-util/4.4.0/camel-xml-io-util-4.4.0.jar:/Users/tanishqsharma/.m2/repository/org/apache/camel/camel-xml-jaxb/4.4.0/camel-xml-jaxb-4.4.0.jar:/Users/tanishqsharma/.m2/repository/jakarta/xml/bind/jakarta.xml.bind-api/4.0.1/jakarta.xml.bind-api-4.0.1.jar:/Users/tanishqsharma/.m2/repository/jakarta/activation/jakarta.activation-api/2.1.2/jakarta.activation-api-2.1.2.jar:/Users/tanishqsharma/.m2/repository/com/sun/xml/bind/jaxb-core/4.0.4/jaxb-core-4.0.4.jar:/Users/tanishqsharma/.m2/repository/org/eclipse/angus/angus-activation/2.0.1/angus-activation-2.0.1.jar:/Users/tanishqsharma/.m2/repository/com/sun/xml/bind/jaxb-impl/4.0.4/jaxb-impl-4.0.4.jar:/Users/tanishqsharma/.m2/repository/org/apache/camel/camel-xml-jaxp/4.4.0/camel-xml-jaxp-4.4.0.jar:/Users/tanishqsharma/.m2/repository/org/apache/camel/camel-yaml-io/4.4.0/camel-yaml-io-4.4.0.jar:/Users/tanishqsharma/.m2/repository/org/apache/camel/camel-core-catalog/4.4.0/camel-core-catalog-4.4.0.jar:/Users/tanishqsharma/.m2/repository/com/fasterxml/jackson/dataformat/jackson-dataformat-yaml/2.16.1/jackson-dataformat-yaml-2.16.1.jar:/Users/tanishqsharma/.m2/repository/org/yaml/snakeyaml/2.2/snakeyaml-2.2.jar:/Users/tanishqsharma/.m2/repository/org/slf4j/slf4j-api/2.0.12/slf4j-api-2.0.12.jar:/Users/tanishqsharma/.m2/repository/junit/junit/4.13.2/junit-4.13.2.jar:/Users/tanishqsharma/.m2/repository/org/hamcrest/hamcrest-core/1.3/hamcrest-core-1.3.jar:/Users/tanishqsharma/.m2/repository/com/squareup/okhttp3/okhttp/4.10.0/okhttp-4.10.0.jar:/Users/tanishqsharma/.m2/repository/com/squareup/okio/okio-jvm/3.0.0/okio-jvm-3.0.0.jar:/Users/tanishqsharma/.m2/repository/org/jetbrains/kotlin/kotlin-stdlib-jdk8/1.5.31/kotlin-stdlib-jdk8-1.5.31.jar:/Users/tanishqsharma/.m2/repository/org/jetbrains/kotlin/kotlin-stdlib-jdk7/1.5.31/kotlin-stdlib-jdk7-1.5.31.jar:/Users/tanishqsharma/.m2/repository/org/jetbrains/kotlin/kotlin-stdlib-common/1.5.31/kotlin-stdlib-common-1.5.31.jar:/Users/tanishqsharma/.m2/repository/org/jetbrains/kotlin/kotlin-stdlib/1.6.20/kotlin-stdlib-1.6.20.jar:/Users/tanishqsharma/.m2/repository/org/jetbrains/annotations/13.0/annotations-13.0.jar:/Users/tanishqsharma/.m2/repository/org/apache/camel/camel-support/4.4.0/camel-support-4.4.0.jar:/Users/tanishqsharma/.m2/repository/org/apache/camel/camel-api/4.4.0/camel-api-4.4.0.jar:/Users/tanishqsharma/.m2/repository/org/apache/camel/camel-management-api/4.4.0/camel-management-api-4.4.0.jar:/Users/tanishqsharma/.m2/repository/org/apache/camel/camel-util/4.4.0/camel-util-4.4.0.jar:/Users/tanishqsharma/.m2/repository/org/apache/camel/camel-util-json/4.4.0/camel-util-json-4.4.0.jar:/Users/tanishqsharma/.m2/repository/org/apache/camel/camel-xml-jaxp-util/4.4.0/camel-xml-jaxp-util-4.4.0.jar:/Users/tanishqsharma/.m2/repository/org/apache/camel/camel-netty-http/4.4.0/camel-netty-http-4.4.0.jar:/Users/tanishqsharma/.m2/repository/org/apache/camel/camel-netty/4.4.0/camel-netty-4.4.0.jar:/Users/tanishqsharma/.m2/repository/io/netty/netty-transport-native-kqueue/4.1.106.Final/netty-transport-native-kqueue-4.1.106.Final.jar:/Users/tanishqsharma/.m2/repository/io/netty/netty-transport-classes-kqueue/4.1.106.Final/netty-transport-classes-kqueue-4.1.106.Final.jar:/Users/tanishqsharma/.m2/repository/org/apache/commons/commons-pool2/2.12.0/commons-pool2-2.12.0.jar:/Users/tanishqsharma/.m2/repository/io/netty/netty-buffer/4.1.106.Final/netty-buffer-4.1.106.Final.jar:/Users/tanishqsharma/.m2/repository/io/netty/netty-codec/4.1.106.Final/netty-codec-4.1.106.Final.jar:/Users/tanishqsharma/.m2/repository/io/netty/netty-common/4.1.106.Final/netty-common-4.1.106.Final.jar:/Users/tanishqsharma/.m2/repository/io/netty/netty-handler/4.1.106.Final/netty-handler-4.1.106.Final.jar:/Users/tanishqsharma/.m2/repository/io/netty/netty-resolver/4.1.106.Final/netty-resolver-4.1.106.Final.jar:/Users/tanishqsharma/.m2/repository/io/netty/netty-transport/4.1.106.Final/netty-transport-4.1.106.Final.jar:/Users/tanishqsharma/.m2/repository/io/netty/netty-transport-native-epoll/4.1.106.Final/netty-transport-native-epoll-4.1.106.Final.jar:/Users/tanishqsharma/.m2/repository/io/netty/netty-transport-classes-epoll/4.1.106.Final/netty-transport-classes-epoll-4.1.106.Final.jar:/Users/tanishqsharma/.m2/repository/io/netty/netty-transport-native-unix-common/4.1.106.Final/netty-transport-native-unix-common-4.1.106.Final.jar:/Users/tanishqsharma/.m2/repository/io/netty/netty-codec-http/4.1.106.Final/netty-codec-http-4.1.106.Final.jar:/Users/tanishqsharma/.m2/repository/org/apache/camel/camel-http-base/4.4.0/camel-http-base-4.4.0.jar:/Users/tanishqsharma/.m2/repository/org/apache/camel/camel-cloud/4.4.0/camel-cloud-4.4.0.jar:/Users/tanishqsharma/.m2/repository/org/apache/camel/camel-base-engine/4.4.0/camel-base-engine-4.4.0.jar:/Users/tanishqsharma/.m2/repository/org/apache/camel/camel-base/4.4.0/camel-base-4.4.0.jar:/Users/tanishqsharma/.m2/repository/ch/qos/logback/logback-classic/1.4.14/logback-classic-1.4.14.jar:/Users/tanishqsharma/.m2/repository/ch/qos/logback/logback-core/1.4.14/logback-core-1.4.14.jar:/Users/tanishqsharma/.m2/repository/org/apache/camel/camel-main/4.4.0/camel-main-4.4.0.jar:/Users/tanishqsharma/.m2/repository/com/fasterxml/jackson/core/jackson-databind/2.15.0/jackson-databind-2.15.0.jar:/Users/tanishqsharma/.m2/repository/com/fasterxml/jackson/core/jackson-annotations/2.15.0/jackson-annotations-2.15.0.jar:/Users/tanishqsharma/.m2/repository/com/fasterxml/jackson/core/jackson-core/2.15.0/jackson-core-2.15.0.jar:/Users/tanishqsharma/.m2/repository/org/apache/camel/camel-jackson/4.4.0/camel-jackson-4.4.0.jar:/Users/tanishqsharma/.m2/repository/org/apache/httpcomponents/client5/httpclient5/5.2.3/httpclient5-5.2.3.jar:/Users/tanishqsharma/.m2/repository/org/apache/httpcomponents/core5/httpcore5-h2/5.2.4/httpcore5-h2-5.2.4.jar:/Users/tanishqsharma/.m2/repository/org/apache/httpcomponents/core5/httpcore5/5.2.3/httpcore5-5.2.3.jar:"/>
    <property name="sun.cpu.endian" value="little"/>
    <property name="user.home" value="/Users/tanishqsharma"/>
    <property name="user.language" value="en"/>
    <property name="java.specification.vendor" value="Oracle Corporation"/>
    <property name="java.version.date" value="2025-01-21"/>
    <property name="java.home" value="/opt/homebrew/Cellar/openjdk/23.0.2/libexec/openjdk.jdk/Contents/Home"/>
    <property name="file.separator" value="/"/>
    <property name="basedir" value="/Users/tanishqsharma/Desktop/GC/project/camel-odoo-integration"/>
    <property name="java.vm.compressedOopsMode" value="Zero based"/>
    <property name="line.separator" value="&#10;"/>
    <property name="java.vm.specification.vendor" value="Oracle Corporation"/>
    <property name="java.specification.name" value="Java Platform API Specification"/>
    <property name="apple.awt.application.name" value="ForkedBooter"/>
    <property name="surefire.real.class.path" value="/Users/tanishqsharma/Desktop/GC/project/camel-odoo-integration/target/surefire/surefirebooter-20250418234513766_3.jar"/>
    <property name="sun.management.compiler" value="HotSpot 64-Bit Tiered Compilers"/>
    <property name="ftp.nonProxyHosts" value="local|*.local|169.254/16|*.169.254/16"/>
    <property name="java.runtime.version" value="23.0.2"/>
    <property name="user.name" value="tanishqsharma"/>
    <property name="stdout.encoding" value="UTF-8"/>
    <property name="path.separator" value=":"/>
    <property name="os.version" value="15.3.1"/>
    <property name="java.runtime.name" value="OpenJDK Runtime Environment"/>
    <property name="file.encoding" value="UTF-8"/>
    <property name="java.vm.name" value="OpenJDK 64-Bit Server VM"/>
    <property name="java.vendor.version" value="Homebrew"/>
    <property name="localRepository" value="/Users/tanishqsharma/.m2/repository"/>
    <property name="java.vendor.url.bug" value="https://github.com/Homebrew/homebrew-core/issues"/>
    <property name="java.io.tmpdir" value="/var/folders/qd/tmv28y4s4_592cm9bpq234r00000gn/T/"/>
    <property name="java.version" value="23.0.2"/>
    <property name="user.dir" value="/Users/tanishqsharma/Desktop/GC/project/camel-odoo-integration"/>
    <property name="os.arch" value="aarch64"/>
    <property name="java.vm.specification.name" value="Java Virtual Machine Specification"/>
    <property name="native.encoding" value="UTF-8"/>
    <property name="java.library.path" value="/Users/tanishqsharma/Library/Java/Extensions:/Library/Java/Extensions:/Network/Library/Java/Extensions:/System/Library/Java/Extensions:/usr/lib/java:."/>
    <property name="java.vm.info" value="mixed mode, sharing"/>
    <property name="stderr.encoding" value="UTF-8"/>
    <property name="java.vendor" value="Homebrew"/>
    <property name="java.vm.version" value="23.0.2"/>
    <property name="sun.io.unicode.encoding" value="UnicodeBig"/>
    <property name="socksNonProxyHosts" value="local|*.local|169.254/16|*.169.254/16"/>
    <property name="java.class.version" value="67.0"/>
  </properties>
  <testcase name="testApp" classname="com.camel.odoo.AppTest" time="0.001"/>
</testsuite>